0 info it worked if it ends with ok
1 verbose cli [ 'C:\\Program Files\\nodejs\\node.exe',
1 verbose cli   'C:\\Program Files\\nodejs\\node_modules\\npm\\bin\\npm-cli.js',
1 verbose cli   'run',
1 verbose cli   'ionic:serve',
1 verbose cli   '--',
1 verbose cli   '--v2',
1 verbose cli   '--lab',
1 verbose cli   '--address',
1 verbose cli   '0.0.0.0',
1 verbose cli   '--port',
1 verbose cli   '8100',
1 verbose cli   '--livereload-port',
1 verbose cli   '35729' ]
2 info using npm@3.10.10
3 info using node@v6.10.2
4 verbose run-script [ 'preionic:serve', 'ionic:serve', 'postionic:serve' ]
5 info lifecycle ionic-hello-world@0.0.0~preionic:serve: ionic-hello-world@0.0.0
6 silly lifecycle ionic-hello-world@0.0.0~preionic:serve: no script for preionic:serve, continuing
7 info lifecycle ionic-hello-world@0.0.0~ionic:serve: ionic-hello-world@0.0.0
8 verbose lifecycle ionic-hello-world@0.0.0~ionic:serve: unsafe-perm in lifecycle true
9 verbose lifecycle ionic-hello-world@0.0.0~ionic:serve: PATH: C:\Program Files\nodejs\node_modules\npm\bin\node-gyp-bin;C:\Users\Alienware 15 R3\WebstormProjects\javascript\ionic\langShot\node_modules\.bin;C:\Program Files (x86)\Intel\iCLS Client\;C:\Program Files\Intel\iCLS Client\;C:\Windows\system32;C:\Windows;C:\Windows\System32\Wbem;C:\Windows\System32\WindowsPowerShell\v1.0\;C:\Program Files (x86)\NVIDIA Corporation\PhysX\Common;C:\Program Files (x86)\Intel\Intel(R) Management Engine Components\DAL;C:\Program Files\Intel\Intel(R) Management Engine Components\DAL;C:\Program Files (x86)\Intel\Intel(R) Management Engine Components\IPT;C:\Program Files\Intel\Intel(R) Management Engine Components\IPT;C:\Program Files\Microsoft SQL Server\120\Tools\Binn\;C:\Program Files\Microsoft SQL Server\130\Tools\Binn\;C:\Program Files\dotnet\;C:\Program Files (x86)\GtkSharp\2.12\bin;C:\xampp\php;C:\Program Files\nodejs\;C:\ProgramData\ComposerSetup\bin;C:\Program Files\Git\cmd;C:\Program Files\Git\mingw64\bin;C:\Program Files\Git\usr\bin;C:\Users\Alienware 15 R3\AppData\Local\Microsoft\WindowsApps;C:\Users\Alienware 15 R3\AppData\Roaming\npm;C:\Users\Alienware 15 R3\AppData\Roaming\Composer\vendor\bin
10 verbose lifecycle ionic-hello-world@0.0.0~ionic:serve: CWD: C:\Users\Alienware 15 R3\WebstormProjects\javascript\ionic\langShot
11 silly lifecycle ionic-hello-world@0.0.0~ionic:serve: Args: [ '/d /s /c',
11 silly lifecycle   'ionic-app-scripts serve "--v2" "--lab" "--address" "0.0.0.0" "--port" "8100" "--livereload-port" "35729"' ]
12 silly lifecycle ionic-hello-world@0.0.0~ionic:serve: Returned: code: 3221225786  signal: null
13 info lifecycle ionic-hello-world@0.0.0~ionic:serve: Failed to exec ionic:serve script
14 verbose stack Error: ionic-hello-world@0.0.0 ionic:serve: `ionic-app-scripts serve "--v2" "--lab" "--address" "0.0.0.0" "--port" "8100" "--livereload-port" "35729"`
14 verbose stack Exit status 3221225786
14 verbose stack     at EventEmitter.<anonymous> (C:\Program Files\nodejs\node_modules\npm\lib\utils\lifecycle.js:255:16)
14 verbose stack     at emitTwo (events.js:106:13)
14 verbose stack     at EventEmitter.emit (events.js:191:7)
14 verbose stack     at ChildProcess.<anonymous> (C:\Program Files\nodejs\node_modules\npm\lib\utils\spawn.js:40:14)
14 verbose stack     at emitTwo (events.js:106:13)
14 verbose stack     at ChildProcess.emit (events.js:191:7)
14 verbose stack     at maybeClose (internal/child_process.js:886:16)
14 verbose stack     at Process.ChildProcess._handle.onexit (internal/child_process.js:226:5)
15 verbose pkgid ionic-hello-world@0.0.0
16 verbose cwd C:\Users\Alienware 15 R3\WebstormProjects\javascript\ionic\langShot
17 error Windows_NT 10.0.14393
18 error argv "C:\\Program Files\\nodejs\\node.exe" "C:\\Program Files\\nodejs\\node_modules\\npm\\bin\\npm-cli.js" "run" "ionic:serve" "--" "--v2" "--lab" "--address" "0.0.0.0" "--port" "8100" "--livereload-port" "35729"
19 error node v6.10.2
20 error npm  v3.10.10
21 error code ELIFECYCLE
22 error ionic-hello-world@0.0.0 ionic:serve: `ionic-app-scripts serve "--v2" "--lab" "--address" "0.0.0.0" "--port" "8100" "--livereload-port" "35729"`
22 error Exit status 3221225786
23 error Failed at the ionic-hello-world@0.0.0 ionic:serve script 'ionic-app-scripts serve "--v2" "--lab" "--address" "0.0.0.0" "--port" "8100" "--livereload-port" "35729"'.
23 error Make sure you have the latest version of node.js and npm installed.
23 error If you do, this is most likely a problem with the ionic-hello-world package,
23 error not with npm itself.
23 error Tell the author that this fails on your system:
23 error     ionic-app-scripts serve "--v2" "--lab" "--address" "0.0.0.0" "--port" "8100" "--livereload-port" "35729"
23 error You can get information on how to open an issue for this project with:
23 error     npm bugs ionic-hello-world
23 error Or if that isn't available, you can get their info via:
23 error     npm owner ls ionic-hello-world
23 error There is likely additional logging output above.
24 verbose exit [ 1, true ]
